  Main.cpp
C:\Users\Aiden\Desktop\RAD140(CS2)\RAD-140\RAD-140\SDK.h(176,1): warning C4554: '<<': check operator precedence for possible error; use parentheses to clarify precedence
  (compiling source file 'Main.cpp')
  
C:\Users\Aiden\Desktop\RAD140(CS2)\RAD-140\RAD-140\SDK.h(176,21): warning C4334: '<<': result of 32-bit shift implicitly converted to 64 bits (was 64-bit shift intended?)
  (compiling source file 'Main.cpp')
  
  RenderThread.cpp
C:\Users\Aiden\Desktop\RAD140(CS2)\RAD-140\RAD-140\SDK.h(176,1): warning C4554: '<<': check operator precedence for possible error; use parentheses to clarify precedence
  (compiling source file 'RenderThread.cpp')
  
C:\Users\Aiden\Desktop\RAD140(CS2)\RAD-140\RAD-140\SDK.h(176,21): warning C4334: '<<': result of 32-bit shift implicitly converted to 64 bits (was 64-bit shift intended?)
  (compiling source file 'RenderThread.cpp')
  
C:\Users\Aiden\Desktop\RAD140(CS2)\RAD-140\RAD-140\RenderThread.cpp(30,28): warning C4244: 'initializing': conversion from 'double' to 'float', possible loss of data
C:\Users\Aiden\Desktop\RAD140(CS2)\RAD-140\RAD-140\RenderThread.cpp(34,89): warning C4244: 'argument': conversion from 'double' to 'float', possible loss of data
C:\Users\Aiden\Desktop\RAD140(CS2)\RAD-140\RAD-140\RenderThread.cpp(34,73): warning C4244: 'argument': conversion from 'double' to 'float', possible loss of data
C:\Users\Aiden\Desktop\RAD140(CS2)\RAD-140\RAD-140\RenderThread.cpp(35,170): warning C4244: 'argument': conversion from 'float' to 'ImDrawFlags', possible loss of data
C:\Users\Aiden\Desktop\RAD140(CS2)\RAD-140\RAD-140\RenderThread.cpp(27,55): warning C4390: ';': empty controlled statement found; is this the intent?
  overlay.cpp
C:\Users\Aiden\Desktop\RAD140(CS2)\RAD-140\RAD-140\SDK.h(176,1): warning C4554: '<<': check operator precedence for possible error; use parentheses to clarify precedence
  (compiling source file 'overlay.cpp')
  
C:\Users\Aiden\Desktop\RAD140(CS2)\RAD-140\RAD-140\SDK.h(176,21): warning C4334: '<<': result of 32-bit shift implicitly converted to 64 bits (was 64-bit shift intended?)
  (compiling source file 'overlay.cpp')
  
  Generating code
  1 of 1489 functions (<0.1%) were compiled, the rest were copied from previous compilation.
    0 functions were new in current compilation
    24 functions had inline decision re-evaluated but remain unchanged
  Finished generating code
  RAD-140.vcxproj -> C:\Users\Aiden\Desktop\RAD140(CS2)\RAD-140\x64\Release\RAD-140.exe
